TN:
SF:/Users/chema/Code/Chemaclass/create-pr/src/check_os.sh
DA:1,0
DA:2,4
DA:5,4
DA:7,8
DA:8,1
DA:9,6
DA:10,1
DA:11,4
DA:12,1
DA:13,0
LF:10
LH:8
end_of_record
SF:/Users/chema/Code/Chemaclass/create-pr/src/console_header.sh
DA:1,0
DA:2,0
DA:4,1
DA:5,1
DA:8,1
DA:9,1
DA:10,0
DA:12,0
DA:13,0
DA:14,0
DA:16,0
DA:17,0
DA:18,0
DA:20,0
DA:21,0
DA:23,0
DA:24,0
DA:26,0
DA:27,0
DA:28,0
DA:30,0
DA:31,0
DA:33,0
DA:34,0
DA:36,0
DA:37,0
LF:26
LH:4
end_of_record
SF:/Users/chema/Code/Chemaclass/create-pr/src/helpers.sh
DA:1,0
DA:2,0
DA:4,2
DA:5,2
DA:6,2
DA:8,2
DA:9,6
DA:11,2
DA:12,6
DA:14,2
LF:10
LH:8
end_of_record
SF:/Users/chema/Code/Chemaclass/create-pr/src/pr_body.sh
DA:1,0
DA:2,0
DA:4,0
DA:6,0
DA:10,10
DA:11,10
DA:13,10
DA:14,1
DA:15,1
DA:16,0
DA:18,9
DA:19,1
DA:20,1
DA:21,0
DA:23,8
DA:24,16
DA:25,8
DA:26,16
DA:27,8
DA:28,8
DA:29,5
DA:30,0
DA:33,8
DA:34,8
DA:35,5
DA:36,2
DA:37,0
DA:38,3
DA:39,0
DA:40,5
DA:41,0
DA:43,8
DA:44,16
DA:45,24
DA:48,8
DA:49,8
DA:50,5
DA:51,0
DA:52,24
DA:55,24
DA:57,8
LF:41
LH:31
end_of_record
SF:/Users/chema/Code/Chemaclass/create-pr/src/pr_label.sh
DA:1,0
DA:2,0
DA:6,14
DA:7,0
DA:8,0
DA:9,0
DA:10,14
DA:12,14
DA:14,14
DA:15,42
DA:17,14
DA:20,14
DA:21,34
DA:23,34
DA:26,34
DA:27,62
DA:28,62
DA:29,12
DA:30,12
DA:31,0
DA:32,0
DA:35,22
DA:36,7
DA:37,0
DA:38,0
DA:41,2
LF:26
LH:18
end_of_record
SF:/Users/chema/Code/Chemaclass/create-pr/src/pr_ticket.sh
DA:1,0
DA:2,0
DA:5,41
DA:6,41
DA:9,41
DA:11,41
DA:14,41
DA:15,7
DA:16,34
DA:17,23
DA:18,0
DA:19,11
DA:20,0
DA:24,38
DA:25,38
DA:28,38
DA:30,5
DA:32,25
DA:35,5
DA:36,4
DA:37,1
DA:38,1
DA:39,0
DA:40,0
DA:41,0
DA:43,132
DA:44,0
DA:47,38
DA:48,10
DA:49,3
DA:50,3
DA:51,0
DA:52,0
DA:54,70
LF:34
LH:24
end_of_record
SF:/Users/chema/Code/Chemaclass/create-pr/src/pr_title.sh
DA:1,0
DA:2,0
DA:4,0
DA:6,0
DA:9,23
DA:10,23
DA:12,69
DA:13,23
DA:14,46
DA:16,23
DA:17,46
DA:19,23
DA:20,10
DA:21,10
DA:22,0
DA:24,13
DA:25,65
DA:26,39
DA:29,13
DA:30,39
DA:33,13
DA:34,13
DA:35,13
DA:37,13
DA:39,13
DA:41,6
DA:43,8
DA:45,24
DA:46,0
DA:49,0
DA:50,0
DA:51,24
DA:52,0
DA:54,13
DA:56,13
DA:59,10
DA:60,10
DA:62,30
DA:64,10
DA:66,0
DA:68,0
DA:69,0
DA:71,0
DA:73,0
DA:74,0
DA:75,20
DA:77,10
LF:47
LH:34
end_of_record
SF:/Users/chema/Code/Chemaclass/create-pr/src/validate.sh
DA:1,0
DA:2,0
DA:4,0
DA:5,0
DA:8,1
DA:9,1
DA:12,1
DA:13,1
DA:14,1
DA:15,0
DA:18,0
DA:19,0
DA:20,0
DA:21,0
DA:24,0
DA:25,0
DA:26,0
DA:27,0
DA:30,0
DA:31,0
DA:32,0
DA:33,0
DA:36,0
DA:37,0
DA:38,0
DA:39,0
LF:26
LH:6
end_of_record
